** Drc report for 5MMHexaStellaBreakout.kicad_pcb **
** Created on 2026-07-19T19:26:46 **
** Report includes: Errors, Warnings, Exclusions **

** Found 43 DRC violations **
[silk_over_copper]: Silkscreen clipped by solder mask
    Local override; warning
    @(12.7000 mm, -3.3020 mm): Arc of LED6 on F.Silkscreen
    @(8.8900 mm, -5.0800 mm): PTH pad P$1 [N$6] of R6
[silk_over_copper]: Silkscreen clipped by solder mask
    Local override; warning
    @(12.7000 mm, -22.0980 mm): Arc of LED3 on F.Silkscreen
    @(16.5100 mm, -20.3200 mm): PTH pad P$1 [N$5] of R3
[silk_overlap]: Silkscreen clearance
    Rule: board setup constraints silk; warning
    @(15.2400 mm, -11.4300 mm): Reference field of R1
    @(13.9700 mm, -12.0650 mm): Segment of JP1 on B.Silkscreen
[silk_overlap]: Silkscreen clearance
    Rule: board setup constraints silk; warning
    @(14.6050 mm, -11.4300 mm): Segment of JP1 on B.Silkscreen
    @(15.2400 mm, -11.4300 mm): Reference field of R1
[silk_overlap]: Silkscreen clearance
    Rule: board setup constraints silk; warning
    @(10.0916 mm, -16.5100 mm): Reference field of R4
    @(15.1716 mm, -16.0020 mm): Segment of R2 on B.Silkscreen
[silk_overlap]: Silkscreen clearance
    Rule: board setup constraints silk; warning
    @(15.1716 mm, -16.5100 mm): Reference field of R2
    @(10.0916 mm, -17.0180 mm): Segment of R4 on B.Silkscreen
[silk_overlap]: Silkscreen clearance
    Rule: board setup constraints silk; warning
    @(15.2400 mm, -5.8420 mm): Segment of R6 on B.Silkscreen
    @(10.1600 mm, -6.3500 mm): Reference field of R5
[silk_over_copper]: Silkscreen clipped by solder mask
    Local override; warning
    @(3.7338 mm, -10.8712 mm): Reference field of JP1
    @(3.9261 mm, -9.1009 mm): PTH pad K [GND] of LED5
[silk_over_copper]: Silkscreen clipped by solder mask
    Local override; warning
    @(15.2400 mm, -11.4300 mm): Reference field of R1
    @(15.2400 mm, -12.7000 mm): PTH pad 5 [D10] of JP1
[silk_over_copper]: Silkscreen clipped by solder mask
    Local override; warning
    @(10.1600 mm, -10.1600 mm): Segment of R1 on B.Silkscreen
    @(8.8900 mm, -10.1600 mm): PTH pad P$2 [D13] of R1
[silk_over_copper]: Silkscreen clipped by solder mask
    Local override; warning
    @(15.1716 mm, -17.7800 mm): Segment of R4 on B.Silkscreen
    @(16.4416 mm, -17.7800 mm): PTH pad P$2 [D8] of R4
[silk_over_copper]: Silkscreen clipped by solder mask
    Local override; warning
    @(15.2400 mm, -10.1600 mm): Segment of R1 on B.Silkscreen
    @(16.5100 mm, -10.1600 mm): PTH pad P$1 [N$1] of R1
[silk_over_copper]: Silkscreen clipped by solder mask
    Local override; warning
    @(10.1600 mm, -7.6200 mm): Segment of R5 on B.Silkscreen
    @(8.8900 mm, -7.6200 mm): PTH pad P$1 [N$4] of R5
[silk_over_copper]: Silkscreen clipped by solder mask
    Local override; warning
    @(15.2400 mm, -7.6200 mm): Segment of R5 on B.Silkscreen
    @(16.5100 mm, -7.6200 mm): PTH pad P$2 [D9] of R5
[silk_over_copper]: Silkscreen clipped by solder mask
    Local override; warning
    @(10.1600 mm, -4.3180 mm): Segment of R6 on B.Silkscreen
    @(11.4300 mm, -3.3020 mm): PTH pad A [N$6] of LED6
[silk_over_copper]: Silkscreen clipped by solder mask
    Local override; warning
    @(10.1600 mm, -4.3180 mm): Segment of R6 on B.Silkscreen
    @(13.9700 mm, -3.3020 mm): PTH pad K [GND] of LED6
[silk_over_copper]: Silkscreen clipped by solder mask
    Local override; warning
    @(15.2400 mm, -5.0800 mm): Segment of R6 on B.Silkscreen
    @(16.5100 mm, -5.0800 mm): PTH pad P$2 [D10] of R6
[silk_over_copper]: Silkscreen clipped by solder mask
    Local override; warning
    @(15.1716 mm, -15.2400 mm): Segment of R2 on B.Silkscreen
    @(16.4416 mm, -15.2400 mm): PTH pad P$1 [N$3] of R2
[silk_over_copper]: Silkscreen clipped by solder mask
    Local override; warning
    @(10.1600 mm, -5.0800 mm): Segment of R6 on B.Silkscreen
    @(8.8900 mm, -5.0800 mm): PTH pad P$1 [N$6] of R6
[silk_over_copper]: Silkscreen clipped by solder mask
    Local override; warning
    @(10.1600 mm, -3.8100 mm): Reference field of R6
    @(11.4300 mm, -3.3020 mm): PTH pad A [N$6] of LED6
[silk_over_copper]: Silkscreen clipped by solder mask
    Local override; warning
    @(10.1600 mm, -20.3200 mm): Segment of R3 on B.Silkscreen
    @(8.8900 mm, -20.3200 mm): PTH pad P$2 [D11] of R3
[silk_over_copper]: Silkscreen clipped by solder mask
    Local override; warning
    @(15.2400 mm, -21.0820 mm): Segment of R3 on B.Silkscreen
    @(13.9700 mm, -22.0980 mm): PTH pad A [N$5] of LED3
[silk_over_copper]: Silkscreen clipped by solder mask
    Local override; warning
    @(15.2400 mm, -21.0820 mm): Segment of R3 on B.Silkscreen
    @(11.4300 mm, -22.0980 mm): PTH pad K [GND] of LED3
[silk_over_copper]: Silkscreen clipped by solder mask
    Local override; warning
    @(15.2400 mm, -20.3200 mm): Segment of R3 on B.Silkscreen
    @(16.5100 mm, -20.3200 mm): PTH pad P$1 [N$5] of R3
[silk_over_copper]: Silkscreen clipped by solder mask
    Local override; warning
    @(10.0916 mm, -17.7800 mm): Segment of R4 on B.Silkscreen
    @(8.8216 mm, -17.7800 mm): PTH pad P$1 [N$2] of R4
[silk_over_copper]: Silkscreen clipped by solder mask
    Local override; warning
    @(10.0916 mm, -15.2400 mm): Segment of R2 on B.Silkscreen
    @(8.8216 mm, -15.2400 mm): PTH pad P$2 [D12] of R2
[silk_over_copper]: Silkscreen clipped by solder mask
    Local override; warning
    @(15.2400 mm, -21.5900 mm): Reference field of R3
    @(13.9700 mm, -22.0980 mm): PTH pad A [N$5] of LED3
[text_thickness]: Text thickness out of range (board setup constraints silk text thickness min thickness 0.0800 mm; actual 0.0325 mm)
    Rule: board setup constraints silk text thickness; warning
    @(15.1716 mm, -16.5100 mm): Reference field of R2
[text_height]: Text height out of range (board setup constraints silk text height min height 0.8000 mm; actual 0.3739 mm)
    Rule: board setup constraints silk text height; warning
    @(15.1716 mm, -16.5100 mm): Reference field of R2
[text_thickness]: Text thickness out of range (board setup constraints silk text thickness min thickness 0.0800 mm; actual 0.0325 mm)
    Rule: board setup constraints silk text thickness; warning
    @(10.0916 mm, -16.5100 mm): Reference field of R4
[text_height]: Text height out of range (board setup constraints silk text height min height 0.8000 mm; actual 0.3739 mm)
    Rule: board setup constraints silk text height; warning
    @(10.0916 mm, -16.5100 mm): Reference field of R4
[text_thickness]: Text thickness out of range (board setup constraints silk text thickness min thickness 0.0800 mm; actual 0.0325 mm)
    Rule: board setup constraints silk text thickness; warning
    @(10.1600 mm, -6.3500 mm): Reference field of R5
[text_height]: Text height out of range (board setup constraints silk text height min height 0.8000 mm; actual 0.3739 mm)
    Rule: board setup constraints silk text height; warning
    @(10.1600 mm, -6.3500 mm): Reference field of R5
[text_thickness]: Text thickness out of range (board setup constraints silk text thickness min thickness 0.0800 mm; actual 0.0325 mm)
    Rule: board setup constraints silk text thickness; warning
    @(15.2400 mm, -21.5900 mm): Reference field of R3
[text_height]: Text height out of range (board setup constraints silk text height min height 0.8000 mm; actual 0.3739 mm)
    Rule: board setup constraints silk text height; warning
    @(15.2400 mm, -21.5900 mm): Reference field of R3
[text_thickness]: Text thickness out of range (board setup constraints silk text thickness min thickness 0.0800 mm; actual 0.0325 mm)
    Rule: board setup constraints silk text thickness; warning
    @(10.1600 mm, -3.8100 mm): Reference field of R6
[text_height]: Text height out of range (board setup constraints silk text height min height 0.8000 mm; actual 0.3739 mm)
    Rule: board setup constraints silk text height; warning
    @(10.1600 mm, -3.8100 mm): Reference field of R6
[text_thickness]: Text thickness out of range (board setup constraints silk text thickness min thickness 0.0800 mm; actual 0.0325 mm)
    Rule: board setup constraints silk text thickness; warning
    @(15.2400 mm, -11.4300 mm): Reference field of R1
[text_height]: Text height out of range (board setup constraints silk text height min height 0.8000 mm; actual 0.3739 mm)
    Rule: board setup constraints silk text height; warning
    @(15.2400 mm, -11.4300 mm): Reference field of R1
[silk_edge_clearance]: Silkscreen clipped by board edge
    Rule: board setup constraints silk; warning
    @(12.7040 mm, -12.6960 mm): Arc on Edge.Cuts
    @(12.7000 mm, -22.0980 mm): Arc of LED3 on F.Silkscreen
[silk_edge_clearance]: Silkscreen clipped by board edge
    Rule: board setup constraints silk; warning
    @(12.6960 mm, -12.7040 mm): Arc on Edge.Cuts
    @(12.7000 mm, -3.3020 mm): Arc of LED6 on F.Silkscreen
[silk_edge_clearance]: Silkscreen clipped by board edge
    Rule: board setup constraints silk; warning
    @(12.7040 mm, -12.6960 mm): Arc on Edge.Cuts
    @(4.5611 mm, -17.3990 mm): Arc of LED4 on F.Silkscreen
[silk_edge_clearance]: Silkscreen clipped by board edge
    Rule: board setup constraints silk; warning
    @(12.6960 mm, -12.7040 mm): Arc on Edge.Cuts
    @(20.8389 mm, -8.0010 mm): Arc of LED1 on F.Silkscreen

** Found 6 unconnected pads **
[unconnected_items]: Missing connection between items
    Local override; error
    @(3.9261 mm, -16.2991 mm): PTH pad K [GND] of LED4
    @(5.0800 mm, -12.7000 mm): PTH pad 1 [GND] of JP1
[unconnected_items]: Missing connection between items
    Local override; error
    @(5.0800 mm, -12.7000 mm): PTH pad 1 [GND] of JP1
    @(3.9261 mm, -9.1009 mm): PTH pad K [GND] of LED5
[unconnected_items]: Missing connection between items
    Local override; error
    @(11.4300 mm, -22.0980 mm): PTH pad K [GND] of LED3
    @(3.9261 mm, -16.2991 mm): PTH pad K [GND] of LED4
[unconnected_items]: Missing connection between items
    Local override; error
    @(13.9700 mm, -3.3020 mm): PTH pad K [GND] of LED6
    @(21.4739 mm, -9.1009 mm): PTH pad K [GND] of LED1
[unconnected_items]: Missing connection between items
    Local override; error
    @(20.2039 mm, -18.4989 mm): PTH pad K [GND] of LED2
    @(11.4300 mm, -22.0980 mm): PTH pad K [GND] of LED3
[unconnected_items]: Missing connection between items
    Local override; error
    @(21.4739 mm, -9.1009 mm): PTH pad K [GND] of LED1
    @(20.2039 mm, -18.4989 mm): PTH pad K [GND] of LED2

** Found 0 Footprint errors **

** Ignored checks **
    - Footprint has no courtyard defined
    - Track endpoint not centered on via
    - Tuning profile track geometries
    - Footprint doesn't match symbol's footprint filters
    - Footprint component type doesn't match footprint pads

** End of Report **
