** Drc report for USBMiniBPower.kicad_pcb **
** Created on 2026-07-19T19:26:53 **
** Report includes: Errors, Warnings, Exclusions **

** Found 29 DRC violations **
[silk_overlap]: Silkscreen clearance
    Rule: board setup constraints silk; warning
    @(13.9700 mm, -4.4450 mm): Segment of JP1 on F.Silkscreen
    @(13.3350 mm, -3.8100 mm): Segment of JP2 on F.Silkscreen
[silk_overlap]: Silkscreen clearance
    Rule: board setup constraints silk; warning
    @(13.9700 mm, -4.4450 mm): Segment of JP1 on F.Silkscreen
    @(13.3350 mm, -3.8100 mm): Segment of JP2 on F.Silkscreen
[silk_overlap]: Silkscreen clearance
    Rule: board setup constraints silk; warning
    @(13.9700 mm, -5.7150 mm): Segment of JP2 on F.Silkscreen
    @(13.9700 mm, -4.4450 mm): Segment of JP1 on F.Silkscreen
[silk_overlap]: Silkscreen clearance
    Rule: board setup constraints silk; warning
    @(13.9700 mm, -4.4450 mm): Segment of JP1 on F.Silkscreen
    @(13.9700 mm, -5.7150 mm): Segment of JP2 on F.Silkscreen
[silk_overlap]: Silkscreen clearance
    Rule: board setup constraints silk; warning
    @(13.9700 mm, -5.7150 mm): Segment of JP1 on F.Silkscreen
    @(13.9700 mm, -5.7150 mm): Segment of JP2 on F.Silkscreen
[silk_overlap]: Silkscreen clearance
    Rule: board setup constraints silk; warning
    @(13.3350 mm, -6.3500 mm): Segment of JP2 on F.Silkscreen
    @(13.9700 mm, -4.4450 mm): Segment of JP1 on F.Silkscreen
[silk_overlap]: Silkscreen clearance
    Rule: board setup constraints silk; warning
    @(13.9700 mm, -5.7150 mm): Segment of JP1 on F.Silkscreen
    @(13.3350 mm, -6.3500 mm): Segment of JP2 on F.Silkscreen
[silk_overlap]: Silkscreen clearance
    Rule: board setup constraints silk; warning
    @(13.9700 mm, -6.9850 mm): Segment of JP2 on F.Silkscreen
    @(14.6050 mm, -6.3500 mm): Segment of JP1 on F.Silkscreen
[silk_overlap]: Silkscreen clearance
    Rule: board setup constraints silk; warning
    @(13.9700 mm, -6.9850 mm): Segment of JP2 on F.Silkscreen
    @(13.9700 mm, -6.9850 mm): Segment of JP1 on F.Silkscreen
[silk_overlap]: Silkscreen clearance
    Rule: board setup constraints silk; warning
    @(13.9700 mm, -8.2550 mm): Segment of JP2 on F.Silkscreen
    @(14.6050 mm, -6.3500 mm): Segment of JP1 on F.Silkscreen
[silk_overlap]: Silkscreen clearance
    Rule: board setup constraints silk; warning
    @(13.3350 mm, -8.8900 mm): Segment of JP2 on F.Silkscreen
    @(13.9700 mm, -8.2550 mm): Segment of JP1 on F.Silkscreen
[silk_overlap]: Silkscreen clearance
    Rule: board setup constraints silk; warning
    @(13.3350 mm, -8.8900 mm): Segment of JP2 on F.Silkscreen
    @(13.9700 mm, -6.9850 mm): Segment of JP1 on F.Silkscreen
[silk_overlap]: Silkscreen clearance
    Rule: board setup constraints silk; warning
    @(13.9700 mm, -8.2550 mm): Segment of JP2 on F.Silkscreen
    @(13.9700 mm, -8.2550 mm): Segment of JP1 on F.Silkscreen
[silk_overlap]: Silkscreen clearance
    Rule: board setup constraints silk; warning
    @(13.9700 mm, -8.2550 mm): Segment of JP2 on F.Silkscreen
    @(13.9700 mm, -6.9850 mm): Segment of JP1 on F.Silkscreen
[silk_over_copper]: Silkscreen clipped by solder mask
    Local override; warning
    @(11.4300 mm, -6.9850 mm): Segment of JP2 on F.Silkscreen
    @(9.7200 mm, -7.9500 mm): PTH pad VBUS [5V] of U$1
[silk_over_copper]: Silkscreen clipped by solder mask
    Local override; warning
    @(11.4300 mm, -4.4450 mm): Segment of JP2 on F.Silkscreen
    @(9.7200 mm, -4.7500 mm): PTH pad GND [GND] of U$1
[silk_over_copper]: Silkscreen clipped by solder mask
    Local override; warning
    @(11.4300 mm, -4.4450 mm): Segment of JP2 on F.Silkscreen
    @(9.7200 mm, -4.7500 mm): PTH pad GND [GND] of U$1
[silk_over_copper]: Silkscreen clipped by solder mask
    Local override; warning
    @(4.0200 mm, -10.2500 mm): Segment of U$1 on F.Silkscreen
    @(4.5700 mm, -10.0000 mm): PTH pad GND1 [<no net>] of U$1
[silk_over_copper]: Silkscreen clipped by solder mask
    Local override; warning
    @(6.7200 mm, -2.4500 mm): Segment of U$1 on F.Silkscreen
    @(4.5700 mm, -2.7000 mm): PTH pad GND4 [<no net>] of U$1
[silk_over_copper]: Silkscreen clipped by solder mask
    Local override; warning
    @(11.4300 mm, -8.2550 mm): Segment of JP2 on F.Silkscreen
    @(9.7200 mm, -7.9500 mm): PTH pad VBUS [5V] of U$1
[text_height]: Text height out of range (board setup constraints silk text height min height 0.8000 mm; actual 0.6909 mm)
    Rule: board setup constraints silk text height; warning
    @(10.7950 mm, -9.2075 mm): PCB text '5V' on F.Silkscreen
[text_height]: Text height out of range (board setup constraints silk text height min height 0.8000 mm; actual 0.6909 mm)
    Rule: board setup constraints silk text height; warning
    @(10.7950 mm, -3.4925 mm): PCB text 'GND' on F.Silkscreen
[text_height]: Text height out of range (board setup constraints silk text height min height 0.8000 mm; actual 0.5182 mm)
    Rule: board setup constraints silk text height; warning
    @(1.2700 mm, -6.6675 mm): PCB text 'Enterprises' on B.Silkscreen
[text_height]: Text height out of range (board setup constraints silk text height min height 0.8000 mm; actual 0.6909 mm)
    Rule: board setup constraints silk text height; warning
    @(2.5400 mm, -6.6675 mm): PCB text 'Barbary' on B.Silkscreen
[text_height]: Text height out of range (board setup constraints silk text height min height 0.8000 mm; actual 0.6909 mm)
    Rule: board setup constraints silk text height; warning
    @(6.0325 mm, -6.3500 mm): PCB text 'Power' on B.Silkscreen
[text_height]: Text height out of range (board setup constraints silk text height min height 0.8000 mm; actual 0.6909 mm)
    Rule: board setup constraints silk text height; warning
    @(7.3025 mm, -6.3500 mm): PCB text 'USB MiniB' on B.Silkscreen
[text_height]: Text height out of range (board setup constraints silk text height min height 0.8000 mm; actual 0.6909 mm)
    Rule: board setup constraints silk text height; warning
    @(10.4775 mm, -9.2075 mm): PCB text '5V' on B.Silkscreen
[text_height]: Text height out of range (board setup constraints silk text height min height 0.8000 mm; actual 0.6909 mm)
    Rule: board setup constraints silk text height; warning
    @(10.4775 mm, -3.4925 mm): PCB text 'GND' on B.Silkscreen
[silk_edge_clearance]: Silkscreen clipped by board edge
    Rule: board setup constraints silk; warning
    @(0.0000 mm, -10.1600 mm): Segment on Edge.Cuts
    @(0.0200 mm, -10.2500 mm): Segment of U$1 on F.Silkscreen

** Found 0 unconnected pads **

** Found 0 Footprint errors **

** Ignored checks **
    - Footprint has no courtyard defined
    - Track endpoint not centered on via
    - Tuning profile track geometries
    - Footprint doesn't match symbol's footprint filters
    - Footprint component type doesn't match footprint pads

** End of Report **
